\BOOKMARK [0][-]{chapter.1}{\376\377\000H\000i\000e\000r\000a\000r\000c\000h\000i\000c\000a\000l\000\040\000I\000n\000d\000e\000x}{}% 1
\BOOKMARK [1][-]{section.1.1}{\376\377\000C\000l\000a\000s\000s\000\040\000H\000i\000e\000r\000a\000r\000c\000h\000y}{chapter.1}% 2
\BOOKMARK [0][-]{chapter.2}{\376\377\000C\000l\000a\000s\000s\000\040\000I\000n\000d\000e\000x}{}% 3
\BOOKMARK [1][-]{section.2.1}{\376\377\000C\000l\000a\000s\000s\000\040\000L\000i\000s\000t}{chapter.2}% 4
\BOOKMARK [0][-]{chapter.3}{\376\377\000F\000i\000l\000e\000\040\000I\000n\000d\000e\000x}{}% 5
\BOOKMARK [1][-]{section.3.1}{\376\377\000F\000i\000l\000e\000\040\000L\000i\000s\000t}{chapter.3}% 6
\BOOKMARK [0][-]{chapter.4}{\376\377\000C\000l\000a\000s\000s\000\040\000D\000o\000c\000u\000m\000e\000n\000t\000a\000t\000i\000o\000n}{}% 7
\BOOKMARK [1][-]{section.4.1}{\376\377\000C\000i\000r\000c\000l\000e\000S\000c\000r\000i\000p\000t\000\040\000C\000l\000a\000s\000s\000\040\000R\000e\000f\000e\000r\000e\000n\000c\000e}{chapter.4}% 8
\BOOKMARK [2][-]{subsection.4.1.1}{\376\377\000M\000e\000m\000b\000e\000r\000\040\000F\000u\000n\000c\000t\000i\000o\000n\000\040\000D\000o\000c\000u\000m\000e\000n\000t\000a\000t\000i\000o\000n}{section.4.1}% 9
\BOOKMARK [3][-]{subsubsection.4.1.1.1}{\376\377\000O\000n\000B\000e\000c\000a\000m\000e\000I\000n\000v\000i\000s\000i\000b\000l\000e}{subsection.4.1.1}% 10
\BOOKMARK [3][-]{subsubsection.4.1.1.2}{\376\377\000O\000n\000T\000r\000i\000g\000g\000e\000r\000E\000n\000t\000e\000r\0002\000D}{subsection.4.1.1}% 11
\BOOKMARK [3][-]{subsubsection.4.1.1.3}{\376\377\000S\000t\000a\000r\000t}{subsection.4.1.1}% 12
\BOOKMARK [2][-]{subsection.4.1.2}{\376\377\000M\000e\000m\000b\000e\000r\000\040\000D\000a\000t\000a\000\040\000D\000o\000c\000u\000m\000e\000n\000t\000a\000t\000i\000o\000n}{section.4.1}% 13
\BOOKMARK [3][-]{subsubsection.4.1.2.1}{\376\377\000m\000a\000n\000a\000g\000e\000r\000S\000c\000r\000i\000p\000t}{subsection.4.1.2}% 14
\BOOKMARK [3][-]{subsubsection.4.1.2.2}{\376\377\000s\000p\000e\000e\000d}{subsection.4.1.2}% 15
\BOOKMARK [1][-]{section.4.2}{\376\377\000D\000i\000f\000f\000i\000c\000u\000l\000t\000y\000S\000c\000r\000i\000p\000t\000\040\000C\000l\000a\000s\000s\000\040\000R\000e\000f\000e\000r\000e\000n\000c\000e}{chapter.4}% 16
\BOOKMARK [2][-]{subsection.4.2.1}{\376\377\000M\000e\000m\000b\000e\000r\000\040\000F\000u\000n\000c\000t\000i\000o\000n\000\040\000D\000o\000c\000u\000m\000e\000n\000t\000a\000t\000i\000o\000n}{section.4.2}% 17
\BOOKMARK [3][-]{subsubsection.4.2.1.1}{\376\377\000c\000o\000l\000o\000r\000C\000h\000a\000n\000g\000e\000s}{subsection.4.2.1}% 18
\BOOKMARK [3][-]{subsubsection.4.2.1.2}{\376\377\000E\000a\000s\000y}{subsection.4.2.1}% 19
\BOOKMARK [3][-]{subsubsection.4.2.1.3}{\376\377\000H\000a\000r\000d}{subsection.4.2.1}% 20
\BOOKMARK [3][-]{subsubsection.4.2.1.4}{\376\377\000M\000e\000d\000i\000u\000m}{subsection.4.2.1}% 21
\BOOKMARK [3][-]{subsubsection.4.2.1.5}{\376\377\000S\000t\000a\000r\000t}{subsection.4.2.1}% 22
\BOOKMARK [2][-]{subsection.4.2.2}{\376\377\000M\000e\000m\000b\000e\000r\000\040\000D\000a\000t\000a\000\040\000D\000o\000c\000u\000m\000e\000n\000t\000a\000t\000i\000o\000n}{section.4.2}% 23
\BOOKMARK [3][-]{subsubsection.4.2.2.1}{\376\377\000d\000i\000f\000f\000i\000c\000u\000l\000t\000y}{subsection.4.2.2}% 24
\BOOKMARK [3][-]{subsubsection.4.2.2.2}{\376\377\000o\000t\000h\000e\000r\000T\000e\000x\000t\0001}{subsection.4.2.2}% 25
\BOOKMARK [3][-]{subsubsection.4.2.2.3}{\376\377\000o\000t\000h\000e\000r\000T\000e\000x\000t\0002}{subsection.4.2.2}% 26
\BOOKMARK [3][-]{subsubsection.4.2.2.4}{\376\377\000t\000h\000i\000s\000T\000e\000x\000t}{subsection.4.2.2}% 27
\BOOKMARK [1][-]{section.4.3}{\376\377\000G\000O\000M\000a\000n\000a\000g\000e\000r\000S\000c\000r\000i\000p\000t\000\040\000C\000l\000a\000s\000s\000\040\000R\000e\000f\000e\000r\000e\000n\000c\000e}{chapter.4}% 28
\BOOKMARK [2][-]{subsection.4.3.1}{\376\377\000D\000e\000t\000a\000i\000l\000e\000d\000\040\000D\000e\000s\000c\000r\000i\000p\000t\000i\000o\000n}{section.4.3}% 29
\BOOKMARK [2][-]{subsection.4.3.2}{\376\377\000M\000e\000m\000b\000e\000r\000\040\000F\000u\000n\000c\000t\000i\000o\000n\000\040\000D\000o\000c\000u\000m\000e\000n\000t\000a\000t\000i\000o\000n}{section.4.3}% 30
\BOOKMARK [3][-]{subsubsection.4.3.2.1}{\376\377\000S\000t\000a\000r\000t}{subsection.4.3.2}% 31
\BOOKMARK [2][-]{subsection.4.3.3}{\376\377\000M\000e\000m\000b\000e\000r\000\040\000D\000a\000t\000a\000\040\000D\000o\000c\000u\000m\000e\000n\000t\000a\000t\000i\000o\000n}{section.4.3}% 32
\BOOKMARK [3][-]{subsubsection.4.3.3.1}{\376\377\000s\000c\000o\000r\000e\000T\000e\000x\000t}{subsection.4.3.3}% 33
\BOOKMARK [1][-]{section.4.4}{\376\377\000h\000a\000n\000d\000S\000c\000r\000i\000p\000t\000\040\000C\000l\000a\000s\000s\000\040\000R\000e\000f\000e\000r\000e\000n\000c\000e}{chapter.4}% 34
\BOOKMARK [2][-]{subsection.4.4.1}{\376\377\000D\000e\000t\000a\000i\000l\000e\000d\000\040\000D\000e\000s\000c\000r\000i\000p\000t\000i\000o\000n}{section.4.4}% 35
\BOOKMARK [2][-]{subsection.4.4.2}{\376\377\000M\000e\000m\000b\000e\000r\000\040\000F\000u\000n\000c\000t\000i\000o\000n\000\040\000D\000o\000c\000u\000m\000e\000n\000t\000a\000t\000i\000o\000n}{section.4.4}% 36
\BOOKMARK [3][-]{subsubsection.4.4.2.1}{\376\377\000c\000o\000l\000o\000r\000C\000h\000a\000n\000g\000e\000s}{subsection.4.4.2}% 37
\BOOKMARK [3][-]{subsubsection.4.4.2.2}{\376\377\000L\000H}{subsection.4.4.2}% 38
\BOOKMARK [3][-]{subsubsection.4.4.2.3}{\376\377\000R\000H}{subsection.4.4.2}% 39
\BOOKMARK [3][-]{subsubsection.4.4.2.4}{\376\377\000S\000t\000a\000r\000t}{subsection.4.4.2}% 40
\BOOKMARK [2][-]{subsection.4.4.3}{\376\377\000M\000e\000m\000b\000e\000r\000\040\000D\000a\000t\000a\000\040\000D\000o\000c\000u\000m\000e\000n\000t\000a\000t\000i\000o\000n}{section.4.4}% 41
\BOOKMARK [3][-]{subsubsection.4.4.3.1}{\376\377\000h\000a\000n\000d}{subsection.4.4.3}% 42
\BOOKMARK [3][-]{subsubsection.4.4.3.2}{\376\377\000o\000t\000h\000e\000r\000T\000e\000x\000t}{subsection.4.4.3}% 43
\BOOKMARK [3][-]{subsubsection.4.4.3.3}{\376\377\000t\000h\000i\000s\000T\000e\000x\000t}{subsection.4.4.3}% 44
\BOOKMARK [1][-]{section.4.5}{\376\377\000M\000a\000n\000a\000g\000e\000r\000S\000c\000r\000i\000p\000t\000\040\000C\000l\000a\000s\000s\000\040\000R\000e\000f\000e\000r\000e\000n\000c\000e}{chapter.4}% 45
\BOOKMARK [2][-]{subsection.4.5.1}{\376\377\000D\000e\000t\000a\000i\000l\000e\000d\000\040\000D\000e\000s\000c\000r\000i\000p\000t\000i\000o\000n}{section.4.5}% 46
\BOOKMARK [2][-]{subsection.4.5.2}{\376\377\000M\000e\000m\000b\000e\000r\000\040\000F\000u\000n\000c\000t\000i\000o\000n\000\040\000D\000o\000c\000u\000m\000e\000n\000t\000a\000t\000i\000o\000n}{section.4.5}% 47
\BOOKMARK [3][-]{subsubsection.4.5.2.1}{\376\377\000A\000d\000d\000S\000c\000o\000r\000e}{subsection.4.5.2}% 48
\BOOKMARK [3][-]{subsubsection.4.5.2.2}{\376\377\000S\000t\000a\000r\000t}{subsection.4.5.2}% 49
\BOOKMARK [3][-]{subsubsection.4.5.2.3}{\376\377\000U\000p\000d\000a\000t\000e}{subsection.4.5.2}% 50
\BOOKMARK [2][-]{subsection.4.5.3}{\376\377\000M\000e\000m\000b\000e\000r\000\040\000D\000a\000t\000a\000\040\000D\000o\000c\000u\000m\000e\000n\000t\000a\000t\000i\000o\000n}{section.4.5}% 51
\BOOKMARK [3][-]{subsubsection.4.5.3.1}{\376\377\000s\000c\000o\000r\000e}{subsection.4.5.3}% 52
\BOOKMARK [3][-]{subsubsection.4.5.3.2}{\376\377\000s\000c\000o\000r\000e\000T\000e\000x\000t}{subsection.4.5.3}% 53
\BOOKMARK [3][-]{subsubsection.4.5.3.3}{\376\377\000t\000o\000t\000S\000c\000o\000r\000e\000I\000n\000t}{subsection.4.5.3}% 54
\BOOKMARK [1][-]{section.4.6}{\376\377\000m\000e\000n\000u\000S\000c\000r\000i\000p\000t\000\040\000C\000l\000a\000s\000s\000\040\000R\000e\000f\000e\000r\000e\000n\000c\000e}{chapter.4}% 55
\BOOKMARK [2][-]{subsection.4.6.1}{\376\377\000D\000e\000t\000a\000i\000l\000e\000d\000\040\000D\000e\000s\000c\000r\000i\000p\000t\000i\000o\000n}{section.4.6}% 56
\BOOKMARK [2][-]{subsection.4.6.2}{\376\377\000M\000e\000m\000b\000e\000r\000\040\000F\000u\000n\000c\000t\000i\000o\000n\000\040\000D\000o\000c\000u\000m\000e\000n\000t\000a\000t\000i\000o\000n}{section.4.6}% 57
\BOOKMARK [3][-]{subsubsection.4.6.2.1}{\376\377\000L\000o\000a\000d\000e\000r}{subsection.4.6.2}% 58
\BOOKMARK [3][-]{subsubsection.4.6.2.2}{\376\377\000m\000a\000i\000n\000M\000e\000n\000u}{subsection.4.6.2}% 59
\BOOKMARK [3][-]{subsubsection.4.6.2.3}{\376\377\000Q\000u\000i\000t\000t\000e\000r}{subsection.4.6.2}% 60
\BOOKMARK [1][-]{section.4.7}{\376\377\000P\000a\000u\000s\000e\000M\000e\000n\000u\000\040\000C\000l\000a\000s\000s\000\040\000R\000e\000f\000e\000r\000e\000n\000c\000e}{chapter.4}% 61
\BOOKMARK [2][-]{subsection.4.7.1}{\376\377\000M\000e\000m\000b\000e\000r\000\040\000F\000u\000n\000c\000t\000i\000o\000n\000\040\000D\000o\000c\000u\000m\000e\000n\000t\000a\000t\000i\000o\000n}{section.4.7}% 62
\BOOKMARK [3][-]{subsubsection.4.7.1.1}{\376\377\000O\000n\000G\000U\000I}{subsection.4.7.1}% 63
\BOOKMARK [3][-]{subsubsection.4.7.1.2}{\376\377\000S\000t\000a\000r\000t}{subsection.4.7.1}% 64
\BOOKMARK [3][-]{subsubsection.4.7.1.3}{\376\377\000U\000p\000d\000a\000t\000e}{subsection.4.7.1}% 65
\BOOKMARK [3][-]{subsubsection.4.7.1.4}{\376\377\000w\000a\000i\000t\000i\000n\000g}{subsection.4.7.1}% 66
\BOOKMARK [3][-]{subsubsection.4.7.1.5}{\376\377\000w\000i\000n\000d\000o\000w\000F\000u\000n\000c}{subsection.4.7.1}% 67
\BOOKMARK [2][-]{subsection.4.7.2}{\376\377\000M\000e\000m\000b\000e\000r\000\040\000D\000a\000t\000a\000\040\000D\000o\000c\000u\000m\000e\000n\000t\000a\000t\000i\000o\000n}{section.4.7}% 68
\BOOKMARK [3][-]{subsubsection.4.7.2.1}{\376\377\000m\000y\000S\000k\000i\000n}{subsection.4.7.2}% 69
\BOOKMARK [3][-]{subsubsection.4.7.2.2}{\376\377\000p\000a\000u\000s\000e\000d}{subsection.4.7.2}% 70
\BOOKMARK [3][-]{subsubsection.4.7.2.3}{\376\377\000w\000a\000i\000t\000e\000d}{subsection.4.7.2}% 71
\BOOKMARK [3][-]{subsubsection.4.7.2.4}{\376\377\000w\000i\000n\000d\000o\000w\000R\000e\000c\000t}{subsection.4.7.2}% 72
\BOOKMARK [1][-]{section.4.8}{\376\377\000s\000h\000o\000o\000t\000e\000r\000S\000c\000r\000i\000p\000t\000\040\000C\000l\000a\000s\000s\000\040\000R\000e\000f\000e\000r\000e\000n\000c\000e}{chapter.4}% 73
\BOOKMARK [2][-]{subsection.4.8.1}{\376\377\000M\000e\000m\000b\000e\000r\000\040\000F\000u\000n\000c\000t\000i\000o\000n\000\040\000D\000o\000c\000u\000m\000e\000n\000t\000a\000t\000i\000o\000n}{section.4.8}% 74
\BOOKMARK [3][-]{subsubsection.4.8.1.1}{\376\377\000S\000t\000a\000r\000t}{subsection.4.8.1}% 75
\BOOKMARK [3][-]{subsubsection.4.8.1.2}{\376\377\000U\000p\000d\000a\000t\000e}{subsection.4.8.1}% 76
\BOOKMARK [2][-]{subsection.4.8.2}{\376\377\000M\000e\000m\000b\000e\000r\000\040\000D\000a\000t\000a\000\040\000D\000o\000c\000u\000m\000e\000n\000t\000a\000t\000i\000o\000n}{section.4.8}% 77
\BOOKMARK [3][-]{subsubsection.4.8.2.1}{\376\377\000C\000i\000r\000c\000l\000e}{subsection.4.8.2}% 78
\BOOKMARK [3][-]{subsubsection.4.8.2.2}{\376\377\000l\000a\000s\000t\000S\000h\000o\000t}{subsection.4.8.2}% 79
\BOOKMARK [3][-]{subsubsection.4.8.2.3}{\376\377\000s\000h\000o\000o\000t\000L\000i\000m}{subsection.4.8.2}% 80
\BOOKMARK [1][-]{section.4.9}{\376\377\000s\000p\000a\000w\000n\000e\000r\000S\000c\000r\000i\000p\000t\000\040\000C\000l\000a\000s\000s\000\040\000R\000e\000f\000e\000r\000e\000n\000c\000e}{chapter.4}% 81
\BOOKMARK [2][-]{subsection.4.9.1}{\376\377\000M\000e\000m\000b\000e\000r\000\040\000F\000u\000n\000c\000t\000i\000o\000n\000\040\000D\000o\000c\000u\000m\000e\000n\000t\000a\000t\000i\000o\000n}{section.4.9}% 82
\BOOKMARK [3][-]{subsubsection.4.9.1.1}{\376\377\000n\000e\000w\000T\000r\000i\000a\000n\000g\000l\000e}{subsection.4.9.1}% 83
\BOOKMARK [3][-]{subsubsection.4.9.1.2}{\376\377\000S\000t\000a\000r\000t}{subsection.4.9.1}% 84
\BOOKMARK [2][-]{subsection.4.9.2}{\376\377\000M\000e\000m\000b\000e\000r\000\040\000D\000a\000t\000a\000\040\000D\000o\000c\000u\000m\000e\000n\000t\000a\000t\000i\000o\000n}{section.4.9}% 85
\BOOKMARK [3][-]{subsubsection.4.9.2.1}{\376\377\000s\000p\000a\000w\000n\000t}{subsection.4.9.2}% 86
\BOOKMARK [3][-]{subsubsection.4.9.2.2}{\376\377\000T\000r\000i\000a\000n\000g\000l\000e}{subsection.4.9.2}% 87
\BOOKMARK [1][-]{section.4.10}{\376\377\000s\000q\000u\000a\000r\000e\000S\000c\000r\000i\000p\000t\000\040\000C\000l\000a\000s\000s\000\040\000R\000e\000f\000e\000r\000e\000n\000c\000e}{chapter.4}% 88
\BOOKMARK [2][-]{subsection.4.10.1}{\376\377\000D\000e\000t\000a\000i\000l\000e\000d\000\040\000D\000e\000s\000c\000r\000i\000p\000t\000i\000o\000n}{section.4.10}% 89
\BOOKMARK [2][-]{subsection.4.10.2}{\376\377\000M\000e\000m\000b\000e\000r\000\040\000F\000u\000n\000c\000t\000i\000o\000n\000\040\000D\000o\000c\000u\000m\000e\000n\000t\000a\000t\000i\000o\000n}{section.4.10}% 90
\BOOKMARK [3][-]{subsubsection.4.10.2.1}{\376\377\000O\000n\000T\000r\000i\000g\000g\000e\000r\000E\000n\000t\000e\000r\0002\000D}{subsection.4.10.2}% 91
\BOOKMARK [1][-]{section.4.11}{\376\377\000s\000q\000u\000a\000r\000e\000S\000p\000a\000w\000n\000S\000c\000r\000i\000p\000t\000\040\000C\000l\000a\000s\000s\000\040\000R\000e\000f\000e\000r\000e\000n\000c\000e}{chapter.4}% 92
\BOOKMARK [2][-]{subsection.4.11.1}{\376\377\000D\000e\000t\000a\000i\000l\000e\000d\000\040\000D\000e\000s\000c\000r\000i\000p\000t\000i\000o\000n}{section.4.11}% 93
\BOOKMARK [2][-]{subsection.4.11.2}{\376\377\000M\000e\000m\000b\000e\000r\000\040\000F\000u\000n\000c\000t\000i\000o\000n\000\040\000D\000o\000c\000u\000m\000e\000n\000t\000a\000t\000i\000o\000n}{section.4.11}% 94
\BOOKMARK [3][-]{subsubsection.4.11.2.1}{\376\377\000O\000n\000T\000r\000i\000g\000g\000e\000r\000E\000n\000t\000e\000r\0002\000D}{subsection.4.11.2}% 95
\BOOKMARK [3][-]{subsubsection.4.11.2.2}{\376\377\000S\000t\000a\000r\000t}{subsection.4.11.2}% 96
\BOOKMARK [2][-]{subsection.4.11.3}{\376\377\000M\000e\000m\000b\000e\000r\000\040\000D\000a\000t\000a\000\040\000D\000o\000c\000u\000m\000e\000n\000t\000a\000t\000i\000o\000n}{section.4.11}% 97
\BOOKMARK [3][-]{subsubsection.4.11.3.1}{\376\377\000L\000H}{subsection.4.11.3}% 98
\BOOKMARK [3][-]{subsubsection.4.11.3.2}{\376\377\000n\000u\000m\000s\000q\000u\000a\000r\000e\000s}{subsection.4.11.3}% 99
\BOOKMARK [3][-]{subsubsection.4.11.3.3}{\376\377\000R\000H}{subsection.4.11.3}% 100
\BOOKMARK [3][-]{subsubsection.4.11.3.4}{\376\377\000s\000q\000u\000a\000r\000e\000s}{subsection.4.11.3}% 101
\BOOKMARK [1][-]{section.4.12}{\376\377\000t\000r\000i\000a\000n\000g\000l\000e\000S\000c\000r\000i\000p\000t\000\040\000C\000l\000a\000s\000s\000\040\000R\000e\000f\000e\000r\000e\000n\000c\000e}{chapter.4}% 102
\BOOKMARK [2][-]{subsection.4.12.1}{\376\377\000D\000e\000t\000a\000i\000l\000e\000d\000\040\000D\000e\000s\000c\000r\000i\000p\000t\000i\000o\000n}{section.4.12}% 103
\BOOKMARK [2][-]{subsection.4.12.2}{\376\377\000M\000e\000m\000b\000e\000r\000\040\000F\000u\000n\000c\000t\000i\000o\000n\000\040\000D\000o\000c\000u\000m\000e\000n\000t\000a\000t\000i\000o\000n}{section.4.12}% 104
\BOOKMARK [3][-]{subsubsection.4.12.2.1}{\376\377\000O\000n\000B\000e\000c\000a\000m\000e\000I\000n\000v\000i\000s\000i\000b\000l\000e}{subsection.4.12.2}% 105
\BOOKMARK [3][-]{subsubsection.4.12.2.2}{\376\377\000S\000t\000a\000r\000t}{subsection.4.12.2}% 106
\BOOKMARK [2][-]{subsection.4.12.3}{\376\377\000M\000e\000m\000b\000e\000r\000\040\000D\000a\000t\000a\000\040\000D\000o\000c\000u\000m\000e\000n\000t\000a\000t\000i\000o\000n}{section.4.12}% 107
\BOOKMARK [3][-]{subsubsection.4.12.3.1}{\376\377\000s\000p\000e\000e\000d}{subsection.4.12.3}% 108
\BOOKMARK [0][-]{chapter.5}{\376\377\000F\000i\000l\000e\000\040\000D\000o\000c\000u\000m\000e\000n\000t\000a\000t\000i\000o\000n}{}% 109
\BOOKMARK [1][-]{section.5.1}{\376\377\000A\000O\000T\0002\000/\000A\000s\000s\000e\000t\000s\000/\000S\000c\000r\000i\000p\000t\000s\000/\000C\000i\000r\000c\000l\000e\000S\000c\000r\000i\000p\000t\000.\000c\000s\000\040\000F\000i\000l\000e\000\040\000R\000e\000f\000e\000r\000e\000n\000c\000e}{chapter.5}% 110
\BOOKMARK [1][-]{section.5.2}{\376\377\000A\000O\000T\0002\000/\000A\000s\000s\000e\000t\000s\000/\000S\000c\000r\000i\000p\000t\000s\000/\000D\000i\000f\000f\000i\000c\000u\000l\000t\000y\000S\000c\000r\000i\000p\000t\000.\000c\000s\000\040\000F\000i\000l\000e\000\040\000R\000e\000f\000e\000r\000e\000n\000c\000e}{chapter.5}% 111
\BOOKMARK [1][-]{section.5.3}{\376\377\000A\000O\000T\0002\000/\000A\000s\000s\000e\000t\000s\000/\000S\000c\000r\000i\000p\000t\000s\000/\000G\000O\000M\000a\000n\000a\000g\000e\000r\000S\000c\000r\000i\000p\000t\000.\000c\000s\000\040\000F\000i\000l\000e\000\040\000R\000e\000f\000e\000r\000e\000n\000c\000e}{chapter.5}% 112
\BOOKMARK [1][-]{section.5.4}{\376\377\000A\000O\000T\0002\000/\000A\000s\000s\000e\000t\000s\000/\000S\000c\000r\000i\000p\000t\000s\000/\000h\000a\000n\000d\000S\000c\000r\000i\000p\000t\000.\000c\000s\000\040\000F\000i\000l\000e\000\040\000R\000e\000f\000e\000r\000e\000n\000c\000e}{chapter.5}% 113
\BOOKMARK [1][-]{section.5.5}{\376\377\000A\000O\000T\0002\000/\000A\000s\000s\000e\000t\000s\000/\000S\000c\000r\000i\000p\000t\000s\000/\000M\000a\000n\000a\000g\000e\000r\000S\000c\000r\000i\000p\000t\000.\000c\000s\000\040\000F\000i\000l\000e\000\040\000R\000e\000f\000e\000r\000e\000n\000c\000e}{chapter.5}% 114
\BOOKMARK [1][-]{section.5.6}{\376\377\000A\000O\000T\0002\000/\000A\000s\000s\000e\000t\000s\000/\000S\000c\000r\000i\000p\000t\000s\000/\000m\000e\000n\000u\000S\000c\000r\000i\000p\000t\000.\000c\000s\000\040\000F\000i\000l\000e\000\040\000R\000e\000f\000e\000r\000e\000n\000c\000e}{chapter.5}% 115
\BOOKMARK [1][-]{section.5.7}{\376\377\000A\000O\000T\0002\000/\000A\000s\000s\000e\000t\000s\000/\000S\000c\000r\000i\000p\000t\000s\000/\000P\000a\000u\000s\000e\000M\000e\000n\000u\000.\000c\000s\000\040\000F\000i\000l\000e\000\040\000R\000e\000f\000e\000r\000e\000n\000c\000e}{chapter.5}% 116
\BOOKMARK [1][-]{section.5.8}{\376\377\000A\000O\000T\0002\000/\000A\000s\000s\000e\000t\000s\000/\000S\000c\000r\000i\000p\000t\000s\000/\000s\000h\000o\000o\000t\000e\000r\000S\000c\000r\000i\000p\000t\000.\000c\000s\000\040\000F\000i\000l\000e\000\040\000R\000e\000f\000e\000r\000e\000n\000c\000e}{chapter.5}% 117
\BOOKMARK [1][-]{section.5.9}{\376\377\000A\000O\000T\0002\000/\000A\000s\000s\000e\000t\000s\000/\000S\000c\000r\000i\000p\000t\000s\000/\000s\000p\000a\000w\000n\000e\000r\000S\000c\000r\000i\000p\000t\000.\000c\000s\000\040\000F\000i\000l\000e\000\040\000R\000e\000f\000e\000r\000e\000n\000c\000e}{chapter.5}% 118
\BOOKMARK [1][-]{section.5.10}{\376\377\000A\000O\000T\0002\000/\000A\000s\000s\000e\000t\000s\000/\000S\000c\000r\000i\000p\000t\000s\000/\000s\000q\000u\000a\000r\000e\000S\000c\000r\000i\000p\000t\000.\000c\000s\000\040\000F\000i\000l\000e\000\040\000R\000e\000f\000e\000r\000e\000n\000c\000e}{chapter.5}% 119
\BOOKMARK [1][-]{section.5.11}{\376\377\000A\000O\000T\0002\000/\000A\000s\000s\000e\000t\000s\000/\000S\000c\000r\000i\000p\000t\000s\000/\000s\000q\000u\000a\000r\000e\000S\000p\000a\000w\000n\000S\000c\000r\000i\000p\000t\000.\000c\000s\000\040\000F\000i\000l\000e\000\040\000R\000e\000f\000e\000r\000e\000n\000c\000e}{chapter.5}% 120
\BOOKMARK [1][-]{section.5.12}{\376\377\000A\000O\000T\0002\000/\000A\000s\000s\000e\000t\000s\000/\000S\000c\000r\000i\000p\000t\000s\000/\000t\000r\000i\000a\000n\000g\000l\000e\000S\000c\000r\000i\000p\000t\000.\000c\000s\000\040\000F\000i\000l\000e\000\040\000R\000e\000f\000e\000r\000e\000n\000c\000e}{chapter.5}% 121
\BOOKMARK [0][-]{section*.48}{\376\377\000I\000n\000d\000e\000x}{}% 122
